Build started 3/4/2016 3:07:27 AM.
     1>Project "C:\Documents and Settings\Administrator\my documents\visual studio 2010\Projects\VSASMGeoProc\LASGeoProc\LASGeoProc.vcxproj" on node 3 (build target(s)).
     1>InitializeBuildStatus:
         Creating "Debug\LASGeoProc.unsuccessfulbuild" because "AlwaysCreate" was specified.
       _MASM:
       Skipping target "_MASM" because all output files are up-to-date with respect to the input files.
       ManifestResourceCompile:
         All outputs are up-to-date.
       Link:
         C:\Program Files\Microsoft Visual Studio 10.0\VC\bin\link.exe /ERRORREPORT:PROMPT /OUT:"C:\Documents and Settings\Administrator\my documents\visual studio 2010\Projects\VSASMGeoProc\Debug\LASGeoProc.exe" /INCREMENTAL /NOLOGO kernel32.lib user32.lib gdi32.lib winspool.lib comdlg32.lib advapi32.lib shell32.lib ole32.lib oleaut32.lib uuid.lib odbc32.lib odbccp32.lib /MANIFEST /ManifestFile:"Debug\LASGeoProc.exe.intermediate.manifest" /MANIFESTUAC:"level='asInvoker' uiAccess='false'" /DEBUG /PDB:"C:\Documents and Settings\Administrator\my documents\visual studio 2010\Projects\VSASMGeoProc\Debug\LASGeoProc.pdb" /SUBSYSTEM:CONSOLE /TLBID:1 /DYNAMICBASE /NXCOMPAT /IMPLIB:"C:\Documents and Settings\Administrator\my documents\visual studio 2010\Projects\VSASMGeoProc\Debug\LASGeoProc.lib" /MACHINE:X86 Debug\LASGeoProc.exe.embed.manifest.res
         Debug\LASGeoProc.obj /libpath:"C:\Program Files\Microsoft Visual Studio 10.0\VC\lib" msvcrt.lib /libpath:..\Debug GeoProc.lib 
       Manifest:
         C:\Program Files\Microsoft SDKs\Windows\v7.0A\bin\mt.exe /nologo /verbose /out:"Debug\LASGeoProc.exe.embed.manifest" /manifest Debug\LASGeoProc.exe.intermediate.manifest
         All outputs are up-to-date.
       LinkEmbedManifest:
         All outputs are up-to-date.
         LASGeoProc.vcxproj -> C:\Documents and Settings\Administrator\my documents\visual studio 2010\Projects\VSASMGeoProc\Debug\LASGeoProc.exe
       FinalizeBuildStatus:
         Deleting file "Debug\LASGeoProc.unsuccessfulbuild".
         Touching "Debug\LASGeoProc.lastbuildstate".
     1>Done Building Project "C:\Documents and Settings\Administrator\my documents\visual studio 2010\Projects\VSASMGeoProc\LASGeoProc\LASGeoProc.vcxproj" (build target(s)).

Build succeeded.

Time Elapsed 00:00:00.96
