C:\DOCUMENTS AND SETTINGS\ADMINISTRATOR\MY DOCUMENTS\VISUAL STUDIO 2010\PROJECTS\VSASMGEOPROC\DEBUG\LASGEOPROC.EXE
C:\DOCUMENTS AND SETTINGS\ADMINISTRATOR\MY DOCUMENTS\VISUAL STUDIO 2010\PROJECTS\VSASMGEOPROC\DEBUG\LASGEOPROC.ILK
C:\DOCUMENTS AND SETTINGS\ADMINISTRATOR\MY DOCUMENTS\VISUAL STUDIO 2010\PROJECTS\VSASMGEOPROC\DEBUG\LASGEOPROC.PDB
C:\DOCUMENTS AND SETTINGS\ADMINISTRATOR\MY DOCUMENTS\VISUAL STUDIO 2010\PROJECTS\VSASMGEOPROC\LASGEOPROC\DEBUG\LASGEOPROC.EXE.EMBED.MANIFEST
C:\DOCUMENTS AND SETTINGS\ADMINISTRATOR\MY DOCUMENTS\VISUAL STUDIO 2010\PROJECTS\VSASMGEOPROC\LASGEOPROC\DEBUG\LASGEOPROC.EXE.EMBED.MANIFEST.RES
C:\DOCUMENTS AND SETTINGS\ADMINISTRATOR\MY DOCUMENTS\VISUAL STUDIO 2010\PROJECTS\VSASMGEOPROC\LASGEOPROC\DEBUG\LASGEOPROC.EXE.INTERMEDIATE.MANIFEST
C:\Documents and Settings\Administrator\my documents\visual studio 2010\Projects\VSASMGeoProc\LASGeoProc\Debug\LASGeoProc.obj
C:\Documents and Settings\Administrator\my documents\visual studio 2010\Projects\VSASMGeoProc\LASGeoProc\Debug\LASGeoProc.write.1.tlog
C:\Documents and Settings\Administrator\my documents\visual studio 2010\Projects\VSASMGeoProc\LASGeoProc\Debug\LASGeoProc_manifest.rc
C:\Documents and Settings\Administrator\my documents\visual studio 2010\Projects\VSASMGeoProc\LASGeoProc\Debug\link.3656.read.1.tlog
C:\Documents and Settings\Administrator\my documents\visual studio 2010\Projects\VSASMGeoProc\LASGeoProc\Debug\link.3656.write.1.tlog
C:\Documents and Settings\Administrator\my documents\visual studio 2010\Projects\VSASMGeoProc\LASGeoProc\Debug\link.3656-cvtres.read.1.tlog
C:\Documents and Settings\Administrator\my documents\visual studio 2010\Projects\VSASMGeoProc\LASGeoProc\Debug\link.3656-cvtres.write.1.tlog
C:\Documents and Settings\Administrator\my documents\visual studio 2010\Projects\VSASMGeoProc\LASGeoProc\Debug\link.command.1.tlog
C:\Documents and Settings\Administrator\my documents\visual studio 2010\Projects\VSASMGeoProc\LASGeoProc\Debug\link.read.1.tlog
C:\Documents and Settings\Administrator\my documents\visual studio 2010\Projects\VSASMGeoProc\LASGeoProc\Debug\link.write.1.tlog
C:\Documents and Settings\Administrator\my documents\visual studio 2010\Projects\VSASMGeoProc\LASGeoProc\Debug\link-cvtres.read.1.tlog
C:\Documents and Settings\Administrator\my documents\visual studio 2010\Projects\VSASMGeoProc\LASGeoProc\Debug\link-cvtres.write.1.tlog
C:\Documents and Settings\Administrator\my documents\visual studio 2010\Projects\VSASMGeoProc\LASGeoProc\Debug\mt.command.1.tlog
C:\Documents and Settings\Administrator\my documents\visual studio 2010\Projects\VSASMGeoProc\LASGeoProc\Debug\mt.read.1.tlog
C:\Documents and Settings\Administrator\my documents\visual studio 2010\Projects\VSASMGeoProc\LASGeoProc\Debug\mt.write.1.tlog
C:\Documents and Settings\Administrator\my documents\visual studio 2010\Projects\VSASMGeoProc\LASGeoProc\Debug\rc.command.1.tlog
C:\Documents and Settings\Administrator\my documents\visual studio 2010\Projects\VSASMGeoProc\LASGeoProc\Debug\rc.read.1.tlog
C:\Documents and Settings\Administrator\my documents\visual studio 2010\Projects\VSASMGeoProc\LASGeoProc\Debug\rc.write.1.tlog
