Build started 1/20/2016 11:43:43 PM.
     1>Project "C:\Documents and Settings\Administrator\My Documents\Visual Studio 2010\Projects\CPPLASProc\LASProc\LASProc.vcxproj" on node 3 (build target(s)).
     1>InitializeBuildStatus:
         Creating "Debug\LASProc.unsuccessfulbuild" because "AlwaysCreate" was specified.
       ClCompile:
         C:\Program Files\Microsoft Visual Studio 10.0\VC\bin\CL.exe /c /I"C:\Documents and Settings\Administrator\My Documents\Visual Studio 2010\Projects\CPPLASProc\GeoProc" /ZI /nologo /W3 /WX- /Od /Oy- /D WIN32 /D _DEBUG /D _CONSOLE /D _UNICODE /D UNICODE /Gm /EHsc /RTC1 /MDd /GS /fp:precise /Zc:wchar_t /Zc:forScope /Fo"Debug\\" /Fd"Debug\vc100.pdb" /Gd /TP /analyze- /errorReport:prompt LASProc.cpp
         LASProc.cpp
       ManifestResourceCompile:
         All outputs are up-to-date.
       Link:
         C:\Program Files\Microsoft Visual Studio 10.0\VC\bin\link.exe /ERRORREPORT:PROMPT /OUT:"C:\Documents and Settings\Administrator\My Documents\Visual Studio 2010\Projects\CPPLASProc\Debug\LASProc.exe" /INCREMENTAL /NOLOGO /ALLOWBIND:NO kernel32.lib user32.lib gdi32.lib winspool.lib comdlg32.lib advapi32.lib shell32.lib ole32.lib oleaut32.lib uuid.lib odbc32.lib odbccp32.lib /MANIFEST /ManifestFile:"Debug\LASProc.exe.intermediate.manifest" /MANIFESTUAC:"level='asInvoker' uiAccess='false'" /DEBUG /PDB:"C:\Documents and Settings\Administrator\My Documents\Visual Studio 2010\Projects\CPPLASProc\Debug\LASProc.pdb" /SUBSYSTEM:CONSOLE /TLBID:1 /DYNAMICBASE /NXCOMPAT /IMPLIB:"C:\Documents and Settings\Administrator\My Documents\Visual Studio 2010\Projects\CPPLASProc\Debug\LASProc.lib" /MACHINE:X86 Debug\LASProc.exe.embed.manifest.res
         Debug\LASProc.obj
         "C:\Documents and Settings\Administrator\My Documents\Visual Studio 2010\Projects\CPPLASProc\Debug\GeoProc.lib"
       Manifest:
         C:\Program Files\Microsoft SDKs\Windows\v7.0A\bin\mt.exe /nologo /verbose /out:"Debug\LASProc.exe.embed.manifest" /manifest Debug\LASProc.exe.intermediate.manifest
         All outputs are up-to-date.
       LinkEmbedManifest:
         All outputs are up-to-date.
         LASProc.vcxproj -> C:\Documents and Settings\Administrator\My Documents\Visual Studio 2010\Projects\CPPLASProc\Debug\LASProc.exe
       FinalizeBuildStatus:
         Deleting file "Debug\LASProc.unsuccessfulbuild".
         Touching "Debug\LASProc.lastbuildstate".
     1>Done Building Project "C:\Documents and Settings\Administrator\My Documents\Visual Studio 2010\Projects\CPPLASProc\LASProc\LASProc.vcxproj" (build target(s)).

Build succeeded.

Time Elapsed 00:00:02.18
