C:\Documents and Settings\Administrator\My Documents\Visual Studio 2010\Projects\CPPLASProc\Debug\LASProc.exe
C:\Documents and Settings\Administrator\My Documents\Visual Studio 2010\Projects\CPPLASProc\Debug\LASProc.ilk
C:\Documents and Settings\Administrator\My Documents\Visual Studio 2010\Projects\CPPLASProc\Debug\LASProc.pdb
C:\Documents and Settings\Administrator\My Documents\Visual Studio 2010\Projects\CPPLASProc\LASProc\Debug\cl.command.1.tlog
C:\Documents and Settings\Administrator\My Documents\Visual Studio 2010\Projects\CPPLASProc\LASProc\Debug\CL.read.1.tlog
C:\Documents and Settings\Administrator\My Documents\Visual Studio 2010\Projects\CPPLASProc\LASProc\Debug\CL.write.1.tlog
C:\Documents and Settings\Administrator\My Documents\Visual Studio 2010\Projects\CPPLASProc\LASProc\Debug\LASProc.exe.embed.manifest
C:\Documents and Settings\Administrator\My Documents\Visual Studio 2010\Projects\CPPLASProc\LASProc\Debug\LASProc.exe.embed.manifest.res
C:\Documents and Settings\Administrator\My Documents\Visual Studio 2010\Projects\CPPLASProc\LASProc\Debug\LASProc.exe.intermediate.manifest
C:\Documents and Settings\Administrator\My Documents\Visual Studio 2010\Projects\CPPLASProc\LASProc\Debug\LASProc.write.1.tlog
C:\Documents and Settings\Administrator\My Documents\Visual Studio 2010\Projects\CPPLASProc\LASProc\Debug\LASProc_manifest.rc
C:\Documents and Settings\Administrator\My Documents\Visual Studio 2010\Projects\CPPLASProc\LASProc\Debug\link.3296.read.1.tlog
C:\Documents and Settings\Administrator\My Documents\Visual Studio 2010\Projects\CPPLASProc\LASProc\Debug\link.3296.write.1.tlog
C:\Documents and Settings\Administrator\My Documents\Visual Studio 2010\Projects\CPPLASProc\LASProc\Debug\link.3296-cvtres.read.1.tlog
C:\Documents and Settings\Administrator\My Documents\Visual Studio 2010\Projects\CPPLASProc\LASProc\Debug\link.3296-cvtres.write.1.tlog
C:\Documents and Settings\Administrator\My Documents\Visual Studio 2010\Projects\CPPLASProc\LASProc\Debug\link.command.1.tlog
C:\Documents and Settings\Administrator\My Documents\Visual Studio 2010\Projects\CPPLASProc\LASProc\Debug\link.read.1.tlog
C:\Documents and Settings\Administrator\My Documents\Visual Studio 2010\Projects\CPPLASProc\LASProc\Debug\link.write.1.tlog
C:\Documents and Settings\Administrator\My Documents\Visual Studio 2010\Projects\CPPLASProc\LASProc\Debug\link-cvtres.read.1.tlog
C:\Documents and Settings\Administrator\My Documents\Visual Studio 2010\Projects\CPPLASProc\LASProc\Debug\link-cvtres.write.1.tlog
C:\Documents and Settings\Administrator\My Documents\Visual Studio 2010\Projects\CPPLASProc\LASProc\Debug\mt.command.1.tlog
C:\Documents and Settings\Administrator\My Documents\Visual Studio 2010\Projects\CPPLASProc\LASProc\Debug\mt.read.1.tlog
C:\Documents and Settings\Administrator\My Documents\Visual Studio 2010\Projects\CPPLASProc\LASProc\Debug\mt.write.1.tlog
C:\Documents and Settings\Administrator\My Documents\Visual Studio 2010\Projects\CPPLASProc\LASProc\Debug\rc.command.1.tlog
C:\Documents and Settings\Administrator\My Documents\Visual Studio 2010\Projects\CPPLASProc\LASProc\Debug\rc.read.1.tlog
C:\Documents and Settings\Administrator\My Documents\Visual Studio 2010\Projects\CPPLASProc\LASProc\Debug\rc.write.1.tlog
C:\Documents and Settings\Administrator\My Documents\Visual Studio 2010\Projects\CPPLASProc\LASProc\Debug\vc100.idb
C:\DOCUMENTS AND SETTINGS\ADMINISTRATOR\MY DOCUMENTS\VISUAL STUDIO 2010\PROJECTS\CPPLASPROC\LASPROC\DEBUG\VC100.PDB
C:\DOCUMENTS AND SETTINGS\ADMINISTRATOR\MY DOCUMENTS\VISUAL STUDIO 2010\PROJECTS\LASPROC\DEBUG\LASPROC.EXE
C:\Documents and Settings\Administrator\My Documents\Visual Studio 2010\Projects\LASProc\Debug\LASProc.exp
C:\DOCUMENTS AND SETTINGS\ADMINISTRATOR\MY DOCUMENTS\VISUAL STUDIO 2010\PROJECTS\LASPROC\DEBUG\LASPROC.ILK
C:\Documents and Settings\Administrator\My Documents\Visual Studio 2010\Projects\LASProc\Debug\LASProc.lib
C:\DOCUMENTS AND SETTINGS\ADMINISTRATOR\MY DOCUMENTS\VISUAL STUDIO 2010\PROJECTS\LASPROC\DEBUG\LASPROC.PDB
C:\DOCUMENTS AND SETTINGS\ADMINISTRATOR\MY DOCUMENTS\VISUAL STUDIO 2010\PROJECTS\LASPROC\LASPROC\DEBUG\LASPROC.EXE.EMBED.MANIFEST
C:\DOCUMENTS AND SETTINGS\ADMINISTRATOR\MY DOCUMENTS\VISUAL STUDIO 2010\PROJECTS\LASPROC\LASPROC\DEBUG\LASPROC.EXE.EMBED.MANIFEST.RES
C:\DOCUMENTS AND SETTINGS\ADMINISTRATOR\MY DOCUMENTS\VISUAL STUDIO 2010\PROJECTS\LASPROC\LASPROC\DEBUG\LASPROC.EXE.INTERMEDIATE.MANIFEST
C:\DOCUMENTS AND SETTINGS\ADMINISTRATOR\MY DOCUMENTS\VISUAL STUDIO 2010\PROJECTS\LASPROC\LASPROC\DEBUG\LASPROC.OBJ
C:\DOCUMENTS AND SETTINGS\ADMINISTRATOR\MY DOCUMENTS\VISUAL STUDIO 2010\PROJECTS\LASPROC\LASPROC\DEBUG\VC100.PDB
