Build started 1/20/2016 11:43:42 PM.
     1>Project "C:\Documents and Settings\Administrator\My Documents\Visual Studio 2010\Projects\CPPLASProc\GeoProc\GeoProc.vcxproj" on node 2 (build target(s)).
     1>InitializeBuildStatus:
         Creating "Debug\GeoProc.unsuccessfulbuild" because "AlwaysCreate" was specified.
       ClCompile:
         All outputs are up-to-date.
         C:\Program Files\Microsoft Visual Studio 10.0\VC\bin\CL.exe /c /ZI /nologo /W3 /WX- /Od /Oy- /D WIN32 /D _DEBUG /D _WINDOWS /D _USRDLL /D GEOPROC_EXPORTS /D _WINDLL /D _UNICODE /D UNICODE /Gm /EHsc /RTC1 /MDd /GS /fp:precise /Zc:wchar_t /Zc:forScope /Fo"Debug\\" /Fd"Debug\vc100.pdb" /Gd /TP /analyze- /errorReport:prompt GeoFace.cpp GeoPolygon.cpp GeoPolygonProc.cpp Utility.cpp
         GeoFace.cpp
         Generating Code...
         Skipping... (no relevant changes detected)
         Utility.cpp
         GeoPolygonProc.cpp
         GeoPolygon.cpp
       ManifestResourceCompile:
         All outputs are up-to-date.
       Link:
         C:\Program Files\Microsoft Visual Studio 10.0\VC\bin\link.exe /ERRORREPORT:PROMPT /OUT:"C:\Documents and Settings\Administrator\My Documents\Visual Studio 2010\Projects\CPPLASProc\Debug\GeoProc.dll" /INCREMENTAL /NOLOGO kernel32.lib user32.lib gdi32.lib winspool.lib comdlg32.lib advapi32.lib shell32.lib ole32.lib oleaut32.lib uuid.lib odbc32.lib odbccp32.lib /MANIFEST /ManifestFile:"Debug\GeoProc.dll.intermediate.manifest" /MANIFESTUAC:"level='asInvoker' uiAccess='false'" /DEBUG /PDB:"C:\Documents and Settings\Administrator\My Documents\Visual Studio 2010\Projects\CPPLASProc\Debug\GeoProc.pdb" /SUBSYSTEM:WINDOWS /TLBID:1 /DYNAMICBASE /NXCOMPAT /IMPLIB:"C:\Documents and Settings\Administrator\My Documents\Visual Studio 2010\Projects\CPPLASProc\Debug\GeoProc.lib" /MACHINE:X86 /DLL Debug\GeoProc.dll.embed.manifest.res
         Debug\dllmain.obj
         Debug\GeoFace.obj
         Debug\GeoPlane.obj
         Debug\GeoPoint.obj
         Debug\GeoPolygon.obj
         Debug\GeoPolygonProc.obj
         Debug\GeoVector.obj
         Debug\Utility.obj
       Manifest:
         C:\Program Files\Microsoft SDKs\Windows\v7.0A\bin\mt.exe /nologo /verbose /out:"Debug\GeoProc.dll.embed.manifest" /manifest Debug\GeoProc.dll.intermediate.manifest
         All outputs are up-to-date.
       LinkEmbedManifest:
         All outputs are up-to-date.
         GeoProc.vcxproj -> C:\Documents and Settings\Administrator\My Documents\Visual Studio 2010\Projects\CPPLASProc\Debug\GeoProc.dll
       FinalizeBuildStatus:
         Deleting file "Debug\GeoProc.unsuccessfulbuild".
         Touching "Debug\GeoProc.lastbuildstate".
     1>Done Building Project "C:\Documents and Settings\Administrator\My Documents\Visual Studio 2010\Projects\CPPLASProc\GeoProc\GeoProc.vcxproj" (build target(s)).

Build succeeded.

Time Elapsed 00:00:01.10
