C:\DOCUMENTS AND SETTINGS\ADMINISTRATOR\MY DOCUMENTS\VISUAL STUDIO 2010\PROJECTS\CPPLASPROC\DEBUG\GEOPROC.DLL
C:\Documents and Settings\Administrator\My Documents\Visual Studio 2010\Projects\CPPLASProc\Debug\GeoProc.exp
C:\DOCUMENTS AND SETTINGS\ADMINISTRATOR\MY DOCUMENTS\VISUAL STUDIO 2010\PROJECTS\CPPLASPROC\DEBUG\GEOPROC.ILK
C:\Documents and Settings\Administrator\My Documents\Visual Studio 2010\Projects\CPPLASProc\Debug\GeoProc.lib
C:\DOCUMENTS AND SETTINGS\ADMINISTRATOR\MY DOCUMENTS\VISUAL STUDIO 2010\PROJECTS\CPPLASPROC\DEBUG\GEOPROC.PDB
C:\Documents and Settings\Administrator\My Documents\Visual Studio 2010\Projects\CPPLASProc\GeoProc\Debug\cl.command.1.tlog
C:\Documents and Settings\Administrator\My Documents\Visual Studio 2010\Projects\CPPLASProc\GeoProc\Debug\CL.read.1.tlog
C:\Documents and Settings\Administrator\My Documents\Visual Studio 2010\Projects\CPPLASProc\GeoProc\Debug\CL.write.1.tlog
C:\DOCUMENTS AND SETTINGS\ADMINISTRATOR\MY DOCUMENTS\VISUAL STUDIO 2010\PROJECTS\CPPLASPROC\GEOPROC\DEBUG\DLLMAIN.OBJ
C:\DOCUMENTS AND SETTINGS\ADMINISTRATOR\MY DOCUMENTS\VISUAL STUDIO 2010\PROJECTS\CPPLASPROC\GEOPROC\DEBUG\GEOFACE.OBJ
C:\DOCUMENTS AND SETTINGS\ADMINISTRATOR\MY DOCUMENTS\VISUAL STUDIO 2010\PROJECTS\CPPLASPROC\GEOPROC\DEBUG\GEOPLANE.OBJ
C:\DOCUMENTS AND SETTINGS\ADMINISTRATOR\MY DOCUMENTS\VISUAL STUDIO 2010\PROJECTS\CPPLASPROC\GEOPROC\DEBUG\GEOPOINT.OBJ
C:\DOCUMENTS AND SETTINGS\ADMINISTRATOR\MY DOCUMENTS\VISUAL STUDIO 2010\PROJECTS\CPPLASPROC\GEOPROC\DEBUG\GEOPOLYGON.OBJ
C:\DOCUMENTS AND SETTINGS\ADMINISTRATOR\MY DOCUMENTS\VISUAL STUDIO 2010\PROJECTS\CPPLASPROC\GEOPROC\DEBUG\GEOPOLYGONPROC.OBJ
C:\DOCUMENTS AND SETTINGS\ADMINISTRATOR\MY DOCUMENTS\VISUAL STUDIO 2010\PROJECTS\CPPLASPROC\GEOPROC\DEBUG\GEOPROC.DLL.EMBED.MANIFEST
C:\DOCUMENTS AND SETTINGS\ADMINISTRATOR\MY DOCUMENTS\VISUAL STUDIO 2010\PROJECTS\CPPLASPROC\GEOPROC\DEBUG\GEOPROC.DLL.EMBED.MANIFEST.RES
C:\DOCUMENTS AND SETTINGS\ADMINISTRATOR\MY DOCUMENTS\VISUAL STUDIO 2010\PROJECTS\CPPLASPROC\GEOPROC\DEBUG\GEOPROC.DLL.INTERMEDIATE.MANIFEST
C:\Documents and Settings\Administrator\My Documents\Visual Studio 2010\Projects\CPPLASProc\GeoProc\Debug\GeoProc.write.1.tlog
C:\Documents and Settings\Administrator\My Documents\Visual Studio 2010\Projects\CPPLASProc\GeoProc\Debug\GeoProc_manifest.rc
C:\DOCUMENTS AND SETTINGS\ADMINISTRATOR\MY DOCUMENTS\VISUAL STUDIO 2010\PROJECTS\CPPLASPROC\GEOPROC\DEBUG\GEOVECTOR.OBJ
C:\Documents and Settings\Administrator\My Documents\Visual Studio 2010\Projects\CPPLASProc\GeoProc\Debug\link.2252.read.1.tlog
C:\Documents and Settings\Administrator\My Documents\Visual Studio 2010\Projects\CPPLASProc\GeoProc\Debug\link.2252.write.1.tlog
C:\Documents and Settings\Administrator\My Documents\Visual Studio 2010\Projects\CPPLASProc\GeoProc\Debug\link.2252-cvtres.read.1.tlog
C:\Documents and Settings\Administrator\My Documents\Visual Studio 2010\Projects\CPPLASProc\GeoProc\Debug\link.2252-cvtres.write.1.tlog
C:\Documents and Settings\Administrator\My Documents\Visual Studio 2010\Projects\CPPLASProc\GeoProc\Debug\link.command.1.tlog
C:\Documents and Settings\Administrator\My Documents\Visual Studio 2010\Projects\CPPLASProc\GeoProc\Debug\link.read.1.tlog
C:\Documents and Settings\Administrator\My Documents\Visual Studio 2010\Projects\CPPLASProc\GeoProc\Debug\link.write.1.tlog
C:\Documents and Settings\Administrator\My Documents\Visual Studio 2010\Projects\CPPLASProc\GeoProc\Debug\link-cvtres.read.1.tlog
C:\Documents and Settings\Administrator\My Documents\Visual Studio 2010\Projects\CPPLASProc\GeoProc\Debug\link-cvtres.write.1.tlog
C:\Documents and Settings\Administrator\My Documents\Visual Studio 2010\Projects\CPPLASProc\GeoProc\Debug\mt.command.1.tlog
C:\Documents and Settings\Administrator\My Documents\Visual Studio 2010\Projects\CPPLASProc\GeoProc\Debug\mt.read.1.tlog
C:\Documents and Settings\Administrator\My Documents\Visual Studio 2010\Projects\CPPLASProc\GeoProc\Debug\mt.write.1.tlog
C:\Documents and Settings\Administrator\My Documents\Visual Studio 2010\Projects\CPPLASProc\GeoProc\Debug\rc.command.1.tlog
C:\Documents and Settings\Administrator\My Documents\Visual Studio 2010\Projects\CPPLASProc\GeoProc\Debug\rc.read.1.tlog
C:\Documents and Settings\Administrator\My Documents\Visual Studio 2010\Projects\CPPLASProc\GeoProc\Debug\rc.write.1.tlog
C:\DOCUMENTS AND SETTINGS\ADMINISTRATOR\MY DOCUMENTS\VISUAL STUDIO 2010\PROJECTS\CPPLASPROC\GEOPROC\DEBUG\UTILITY.OBJ
C:\Documents and Settings\Administrator\My Documents\Visual Studio 2010\Projects\CPPLASProc\GeoProc\Debug\vc100.idb
C:\DOCUMENTS AND SETTINGS\ADMINISTRATOR\MY DOCUMENTS\VISUAL STUDIO 2010\PROJECTS\CPPLASPROC\GEOPROC\DEBUG\VC100.PDB
