Assembly List Test:
3
2
1
3
3, 2, 1, 3
1, 2, 3
1, 3
4
3, 2, 1, 3
1, 2, 3
1, 3
3, 2, 1, 3
      33.300000
      22.200000
      11.100000
      33.300000
      33.300000,       22.200000,       11.100000,       33.300000
      11.100000,       22.200000,       33.300000
      22.200000,       33.300000
4
      33.300000,       22.200000,       11.100000,       33.300000
      11.100000,       22.200000,       33.300000
      22.200000,       33.300000
      33.300000,       22.200000,       11.100000,       33.300000
1
0
1
1
1
0
